<?xml version="1.0" encoding="UTF-8"?>
<!-- Generated by org.testng.reporters.JUnitReportReporter -->
<testsuite hostname="Dheenathayalans-MacBook-Air.local" failures="0" tests="3" name="runner.TestRunner" time="31.451" errors="0" timestamp="2024-10-23T23:21:21 EDT" skipped="0">
  <testcase classname="runner.TestRunner" name="runScenario" time="13.775"/>
  <system-out/>
  <testcase classname="runner.TestRunner" name="runScenario" time="9.580"/>
  <system-out/>
  <testcase classname="runner.TestRunner" name="runScenario" time="8.096"/>
  <system-out/>
</testsuite> <!-- runner.TestRunner -->
