<?xml version="1.0" encoding="UTF-8"?>
<!-- Generated by org.testng.reporters.JUnitReportReporter -->
<testsuite hostname="Dheenathayalans-MacBook-Air.local" failures="0" tests="40" name="runner.TestRunner" time="1940.662" errors="0" timestamp="2024-10-28T22:28:25 EDT" skipped="0">
  <testcase classname="runner.TestRunner" name="runScenario" time="34.391"/>
  <system-out/>
  <testcase classname="runner.TestRunner" name="runScenario" time="96.528"/>
  <system-out/>
  <testcase classname="runner.TestRunner" name="runScenario" time="32.105"/>
  <system-out/>
  <testcase classname="runner.TestRunner" name="runScenario" time="38.467"/>
  <system-out/>
  <testcase classname="runner.TestRunner" name="runScenario" time="31.328"/>
  <system-out/>
  <testcase classname="runner.TestRunner" name="runScenario" time="37.504"/>
  <system-out/>
  <testcase classname="runner.TestRunner" name="runScenario" time="31.868"/>
  <system-out/>
  <testcase classname="runner.TestRunner" name="runScenario" time="34.525"/>
  <system-out/>
  <testcase classname="runner.TestRunner" name="runScenario" time="71.331"/>
  <system-out/>
  <testcase classname="runner.TestRunner" name="runScenario" time="40.569"/>
  <system-out/>
  <testcase classname="runner.TestRunner" name="runScenario" time="98.622"/>
  <system-out/>
  <testcase classname="runner.TestRunner" name="runScenario" time="33.622"/>
  <system-out/>
  <testcase classname="runner.TestRunner" name="runScenario" time="70.056"/>
  <system-out/>
  <testcase classname="runner.TestRunner" name="runScenario" time="35.150"/>
  <system-out/>
  <testcase classname="runner.TestRunner" name="runScenario" time="35.692"/>
  <system-out/>
  <testcase classname="runner.TestRunner" name="runScenario" time="128.946"/>
  <system-out/>
  <testcase classname="runner.TestRunner" name="runScenario" time="33.387"/>
  <system-out/>
  <testcase classname="runner.TestRunner" name="runScenario" time="30.870"/>
  <system-out/>
  <testcase classname="runner.TestRunner" name="runScenario" time="35.562"/>
  <system-out/>
  <testcase classname="runner.TestRunner" name="runScenario" time="35.944"/>
  <system-out/>
  <testcase classname="runner.TestRunner" name="runScenario" time="96.540"/>
  <system-out/>
  <testcase classname="runner.TestRunner" name="runScenario" time="34.303"/>
  <system-out/>
  <testcase classname="runner.TestRunner" name="runScenario" time="35.544"/>
  <system-out/>
  <testcase classname="runner.TestRunner" name="runScenario" time="35.019"/>
  <system-out/>
  <testcase classname="runner.TestRunner" name="runScenario" time="33.952"/>
  <system-out/>
  <testcase classname="runner.TestRunner" name="runScenario" time="70.801"/>
  <system-out/>
  <testcase classname="runner.TestRunner" name="runScenario" time="35.180"/>
  <system-out/>
  <testcase classname="runner.TestRunner" name="runScenario" time="31.725"/>
  <system-out/>
  <testcase classname="runner.TestRunner" name="runScenario" time="32.757"/>
  <system-out/>
  <testcase classname="runner.TestRunner" name="runScenario" time="42.708"/>
  <system-out/>
  <testcase classname="runner.TestRunner" name="runScenario" time="33.294"/>
  <system-out/>
  <testcase classname="runner.TestRunner" name="runScenario" time="68.158"/>
  <system-out/>
  <testcase classname="runner.TestRunner" name="runScenario" time="157.303"/>
  <system-out/>
  <testcase classname="runner.TestRunner" name="runScenario" time="31.582"/>
  <system-out/>
  <testcase classname="runner.TestRunner" name="runScenario" time="42.329"/>
  <system-out/>
  <testcase classname="runner.TestRunner" name="runScenario" time="38.084"/>
  <system-out/>
  <testcase classname="runner.TestRunner" name="runScenario" time="28.903"/>
  <system-out/>
  <testcase classname="runner.TestRunner" name="runScenario" time="31.017"/>
  <system-out/>
  <testcase classname="runner.TestRunner" name="runScenario" time="34.366"/>
  <system-out/>
  <testcase classname="runner.TestRunner" name="runScenario" time="40.630"/>
  <system-out/>
</testsuite> <!-- runner.TestRunner -->
