<?xml version="1.0" encoding="UTF-8"?>
<!-- Generated by org.testng.reporters.JUnitReportReporter -->
<testsuite hostname="Dheenathayalans-MacBook-Air.local" failures="0" tests="1" name="runner.TestRunner" time="38.362" errors="0" timestamp="2024-10-27T16:55:51 EDT" skipped="0">
  <testcase classname="runner.TestRunner" name="runScenario" time="38.362"/>
  <system-out/>
</testsuite> <!-- runner.TestRunner -->
