<?xml version="1.0" encoding="UTF-8"?>
<!-- Generated by org.testng.reporters.JUnitReportReporter -->
<testsuite hostname="Dheenathayalans-MacBook-Air.local" failures="0" tests="10" name="runner.TestRunner" time="293.220" errors="0" timestamp="2024-10-25T17:10:30 EDT" skipped="0">
  <testcase classname="runner.TestRunner" name="runScenario" time="26.927"/>
  <system-out/>
  <testcase classname="runner.TestRunner" name="runScenario" time="28.368"/>
  <system-out/>
  <testcase classname="runner.TestRunner" name="runScenario" time="28.196"/>
  <system-out/>
  <testcase classname="runner.TestRunner" name="runScenario" time="26.632"/>
  <system-out/>
  <testcase classname="runner.TestRunner" name="runScenario" time="27.268"/>
  <system-out/>
  <testcase classname="runner.TestRunner" name="runScenario" time="30.270"/>
  <system-out/>
  <testcase classname="runner.TestRunner" name="runScenario" time="30.718"/>
  <system-out/>
  <testcase classname="runner.TestRunner" name="runScenario" time="31.725"/>
  <system-out/>
  <testcase classname="runner.TestRunner" name="runScenario" time="31.710"/>
  <system-out/>
  <testcase classname="runner.TestRunner" name="runScenario" time="31.406"/>
  <system-out/>
</testsuite> <!-- runner.TestRunner -->
