<?xml version="1.0" encoding="UTF-8"?>
<!-- Generated by org.testng.reporters.JUnitReportReporter -->
<testsuite hostname="DESKTOP-AKTBA7H" failures="0" tests="1" name="runner.RunnerTest" time="19.425" errors="0" timestamp="2024-10-28T09:45:43 EDT" skipped="0">
  <testcase classname="runner.RunnerTest" name="runScenario" time="19.425"/>
</testsuite> <!-- runner.RunnerTest -->
