<?xml version="1.0" encoding="UTF-8"?>
<!-- Generated by org.testng.reporters.JUnitReportReporter -->
<testsuite hostname="Dheenathayalans-MacBook-Air.local" failures="0" tests="9" name="runner.TestRunner" time="526.555" errors="0" timestamp="2024-10-29T07:33:44 EDT" skipped="0">
  <testcase classname="runner.TestRunner" name="runScenario" time="32.788"/>
  <system-out/>
  <testcase classname="runner.TestRunner" name="runScenario" time="63.236"/>
  <system-out/>
  <testcase classname="runner.TestRunner" name="runScenario" time="35.838"/>
  <system-out/>
  <testcase classname="runner.TestRunner" name="runScenario" time="72.115"/>
  <system-out/>
  <testcase classname="runner.TestRunner" name="runScenario" time="36.566"/>
  <system-out/>
  <testcase classname="runner.TestRunner" name="runScenario" time="69.429"/>
  <system-out/>
  <testcase classname="runner.TestRunner" name="runScenario" time="101.281"/>
  <system-out/>
  <testcase classname="runner.TestRunner" name="runScenario" time="67.947"/>
  <system-out/>
  <testcase classname="runner.TestRunner" name="runScenario" time="47.355"/>
  <system-out/>
</testsuite> <!-- runner.TestRunner -->
