<?xml version="1.0" encoding="UTF-8"?>
<!-- Generated by org.testng.reporters.JUnitReportReporter -->
<testsuite hostname="DESKTOP-AKTBA7H" failures="0" tests="30" name="runner.RunnerTest" time="408.503" errors="0" timestamp="2024-10-29T13:00:22 EDT" skipped="0">
  <testcase classname="runner.RunnerTest" name="runScenario" time="20.512"/>
  <testcase classname="runner.RunnerTest" name="runScenario" time="15.633"/>
  <testcase classname="runner.RunnerTest" name="runScenario" time="7.611"/>
  <testcase classname="runner.RunnerTest" name="runScenario" time="7.629"/>
  <testcase classname="runner.RunnerTest" name="runScenario" time="7.252"/>
  <testcase classname="runner.RunnerTest" name="runScenario" time="7.520"/>
  <testcase classname="runner.RunnerTest" name="runScenario" time="12.382"/>
  <testcase classname="runner.RunnerTest" name="runScenario" time="18.004"/>
  <testcase classname="runner.RunnerTest" name="runScenario" time="16.176"/>
  <testcase classname="runner.RunnerTest" name="runScenario" time="12.583"/>
  <testcase classname="runner.RunnerTest" name="runScenario" time="22.697"/>
  <testcase classname="runner.RunnerTest" name="runScenario" time="7.290"/>
  <testcase classname="runner.RunnerTest" name="runScenario" time="13.734"/>
  <testcase classname="runner.RunnerTest" name="runScenario" time="12.683"/>
  <testcase classname="runner.RunnerTest" name="runScenario" time="7.227"/>
  <testcase classname="runner.RunnerTest" name="runScenario" time="19.270"/>
  <testcase classname="runner.RunnerTest" name="runScenario" time="10.171"/>
  <testcase classname="runner.RunnerTest" name="runScenario" time="7.477"/>
  <testcase classname="runner.RunnerTest" name="runScenario" time="7.712"/>
  <testcase classname="runner.RunnerTest" name="runScenario" time="18.747"/>
  <testcase classname="runner.RunnerTest" name="runScenario" time="12.477"/>
  <testcase classname="runner.RunnerTest" name="runScenario" time="12.456"/>
  <testcase classname="runner.RunnerTest" name="runScenario" time="7.364"/>
  <testcase classname="runner.RunnerTest" name="runScenario" time="28.198"/>
  <testcase classname="runner.RunnerTest" name="runScenario" time="7.661"/>
  <testcase classname="runner.RunnerTest" name="runScenario" time="24.662"/>
  <testcase classname="runner.RunnerTest" name="runScenario" time="13.964"/>
  <testcase classname="runner.RunnerTest" name="runScenario" time="17.550"/>
  <testcase classname="runner.RunnerTest" name="runScenario" time="17.176"/>
  <testcase classname="runner.RunnerTest" name="runScenario" time="14.685"/>
</testsuite> <!-- runner.RunnerTest -->
