<?xml version="1.0" encoding="UTF-8"?>
<!-- Generated by org.testng.reporters.JUnitReportReporter -->
<testsuite hostname="DESKTOP-AKTBA7H" failures="0" tests="1" name="runner.TestRunner" time="0.047" errors="1" timestamp="2024-10-23T20:57:43 EDT" skipped="0">
  <testcase classname="runner.TestRunner" name="setUpClass" time="0.047">
    <error message="class io.cucumber.testng.TestNGCucumberRunner tried to access method &#039;io.cucumber.core.eventbus.UuidGenerator io.cucumber.core.runtime.UuidGeneratorServiceLoader.loadUuidGenerator()&#039; (io.cucumber.testng.TestNGCucumberRunner and io.cucumber.core.runtime.UuidGeneratorServiceLoader are in unnamed module of loader &#039;app&#039;)" type="java.lang.IllegalAccessError">
      <![CDATA[java.lang.IllegalAccessError: class io.cucumber.testng.TestNGCucumberRunner tried to access method 'io.cucumber.core.eventbus.UuidGenerator io.cucumber.core.runtime.UuidGeneratorServiceLoader.loadUuidGenerator()' (io.cucumber.testng.TestNGCucumberRunner and io.cucumber.core.runtime.UuidGeneratorServiceLoader are in unnamed module of loader 'app')
at io.cucumber.testng.TestNGCucumberRunner.<init>(TestNGCucumberRunner.java:105)
at io.cucumber.testng.AbstractTestNGCucumberTests.setUpClass(AbstractTestNGCucumberTests.java:27)
at java.base/jdk.internal.reflect.NativeMethodAccessorImpl.invoke0(Native Method)
at java.base/jdk.internal.reflect.NativeMethodAccessorImpl.invoke(NativeMethodAccessorImpl.java:77)
at java.base/jdk.internal.reflect.DelegatingMethodAccessorImpl.invoke(DelegatingMethodAccessorImpl.java:43)
at java.base/java.lang.reflect.Method.invoke(Method.java:568)
at org.testng.internal.invokers.MethodInvocationHelper.invokeMethod(MethodInvocationHelper.java:139)
at org.testng.internal.invokers.MethodInvocationHelper.invokeMethodConsideringTimeout(MethodInvocationHelper.java:69)
at org.testng.internal.invokers.ConfigInvoker.invokeConfigurationMethod(ConfigInvoker.java:390)
at org.testng.internal.invokers.ConfigInvoker.invokeConfigurations(ConfigInvoker.java:325)
at org.testng.internal.invokers.TestMethodWorker.invokeBeforeClassMethods(TestMethodWorker.java:180)
at org.testng.internal.invokers.TestMethodWorker.run(TestMethodWorker.java:122)
at java.base/java.util.ArrayList.forEach(ArrayList.java:1511)
at org.testng.TestRunner.privateRun(TestRunner.java:848)
at org.testng.TestRunner.run(TestRunner.java:621)
at org.testng.SuiteRunner.runTest(SuiteRunner.java:443)
at org.testng.SuiteRunner.runSequentially(SuiteRunner.java:437)
at org.testng.SuiteRunner.privateRun(SuiteRunner.java:397)
at org.testng.SuiteRunner.run(SuiteRunner.java:336)
at org.testng.SuiteRunnerWorker.runSuite(SuiteRunnerWorker.java:52)
at org.testng.SuiteRunnerWorker.run(SuiteRunnerWorker.java:95)
at org.testng.TestNG.runSuitesSequentially(TestNG.java:1280)
at org.testng.TestNG.runSuitesLocally(TestNG.java:1200)
at org.testng.TestNG.runSuites(TestNG.java:1114)
at org.testng.TestNG.run(TestNG.java:1082)
at org.testng.remote.AbstractRemoteTestNG.run(AbstractRemoteTestNG.java:115)
at org.testng.remote.RemoteTestNG.initAndRun(RemoteTestNG.java:251)
at org.testng.remote.RemoteTestNG.main(RemoteTestNG.java:77)
]]>
    </error>
  </testcase> <!-- setUpClass -->
</testsuite> <!-- runner.TestRunner -->
